2022-08-18 11:32:14.457 ERROR[main]org.springframework.boot.SpringApplication.reportFailure:823 -Application run failed
org.springframework.beans.factory.BeanCreationException: Error creating bean with name 'fileUpload' defined in class path resource [com/lmk/mqtt/config/FileConfig.class]: Bean instantiation via factory method failed; nested exception is org.springframework.beans.BeanInstantiationException: Failed to instantiate [void]: Factory method 'fileUpload' threw exception; nested exception is java.lang.IllegalArgumentException: Illegal character in scheme name at index 0: 127.0.0.1:8001/resource/video/upload
	at org.springframework.beans.factory.support.ConstructorResolver.instantiate(ConstructorResolver.java:627)
	at org.springframework.beans.factory.support.ConstructorResolver.instantiateUsingFactoryMethod(ConstructorResolver.java:456)
	at org.springframework.beans.factory.support.AbstractAutowireCapableBeanFactory.instantiateUsingFactoryMethod(AbstractAutowireCapableBeanFactory.java:1321)
	at org.springframework.beans.factory.support.AbstractAutowireCapableBeanFactory.createBeanInstance(AbstractAutowireCapableBeanFactory.java:1160)
	at org.springframework.beans.factory.support.AbstractAutowireCapableBeanFactory.doCreateBean(AbstractAutowireCapableBeanFactory.java:555)
	at org.springframework.beans.factory.support.AbstractAutowireCapableBeanFactory.createBean(AbstractAutowireCapableBeanFactory.java:515)
	at org.springframework.beans.factory.support.AbstractBeanFactory.lambda$doGetBean$0(AbstractBeanFactory.java:320)
	at org.springframework.beans.factory.support.DefaultSingletonBeanRegistry.getSingleton(DefaultSingletonBeanRegistry.java:222)
	at org.springframework.beans.factory.support.AbstractBeanFactory.doGetBean(AbstractBeanFactory.java:318)
	at org.springframework.beans.factory.support.AbstractBeanFactory.getBean(AbstractBeanFactory.java:199)
	at org.springframework.beans.factory.support.DefaultListableBeanFactory.preInstantiateSingletons(DefaultListableBeanFactory.java:845)
	at org.springframework.context.support.AbstractApplicationContext.finishBeanFactoryInitialization(AbstractApplicationContext.java:877)
	at org.springframework.context.support.AbstractApplicationContext.refresh(AbstractApplicationContext.java:549)
	at org.springframework.boot.web.servlet.context.ServletWebServerApplicationContext.refresh(ServletWebServerApplicationContext.java:141)
	at org.springframework.boot.SpringApplication.refresh(SpringApplication.java:744)
	at org.springframework.boot.SpringApplication.refreshContext(SpringApplication.java:391)
	at org.springframework.boot.SpringApplication.run(SpringApplication.java:312)
	at org.springframework.boot.SpringApplication.run(SpringApplication.java:1215)
	at org.springframework.boot.SpringApplication.run(SpringApplication.java:1204)
	at com.lmk.mqtt.RabbitMqClientApplication.main(RabbitMqClientApplication.java:8)
Caused by: org.springframework.beans.BeanInstantiationException: Failed to instantiate [void]: Factory method 'fileUpload' threw exception; nested exception is java.lang.IllegalArgumentException: Illegal character in scheme name at index 0: 127.0.0.1:8001/resource/video/upload
	at org.springframework.beans.factory.support.SimpleInstantiationStrategy.instantiate(SimpleInstantiationStrategy.java:185)
	at org.springframework.beans.factory.support.ConstructorResolver.instantiate(ConstructorResolver.java:622)
	... 19 common frames omitted
Caused by: java.lang.IllegalArgumentException: Illegal character in scheme name at index 0: 127.0.0.1:8001/resource/video/upload
	at java.net.URI.create(URI.java:852)
	at org.apache.http.client.methods.HttpPost.<init>(HttpPost.java:73)
	at com.lmk.mqtt.utils.HttpClientUtil.doPostFile(HttpClientUtil.java:30)
	at com.lmk.mqtt.config.FileConfig.fileUpload(FileConfig.java:18)
	at com.lmk.mqtt.config.FileConfig$$EnhancerBySpringCGLIB$$580fbbb1.CGLIB$fileUpload$0(<generated>)
	at com.lmk.mqtt.config.FileConfig$$EnhancerBySpringCGLIB$$580fbbb1$$FastClassBySpringCGLIB$$5ca8e870.invoke(<generated>)
	at org.springframework.cglib.proxy.MethodProxy.invokeSuper(MethodProxy.java:244)
	at org.springframework.context.annotation.ConfigurationClassEnhancer$BeanMethodInterceptor.intercept(ConfigurationClassEnhancer.java:363)
	at com.lmk.mqtt.config.FileConfig$$EnhancerBySpringCGLIB$$580fbbb1.fileUpload(<generated>)
	at sun.reflect.NativeMethodAccessorImpl.invoke0(Native Method)
	at sun.reflect.NativeMethodAccessorImpl.invoke(NativeMethodAccessorImpl.java:62)
	at sun.reflect.DelegatingMethodAccessorImpl.invoke(DelegatingMethodAccessorImpl.java:43)
	at java.lang.reflect.Method.invoke(Method.java:498)
	at org.springframework.beans.factory.support.SimpleInstantiationStrategy.instantiate(SimpleInstantiationStrategy.java:154)
	... 20 common frames omitted
Caused by: java.net.URISyntaxException: Illegal character in scheme name at index 0: 127.0.0.1:8001/resource/video/upload
	at java.net.URI$Parser.fail(URI.java:2848)
	at java.net.URI$Parser.checkChars(URI.java:3021)
	at java.net.URI$Parser.checkChar(URI.java:3031)
	at java.net.URI$Parser.parse(URI.java:3047)
	at java.net.URI.<init>(URI.java:588)
	at java.net.URI.create(URI.java:850)
	... 33 common frames omitted
2022-08-18 11:33:05.800 ERROR[main]org.springframework.boot.SpringApplication.reportFailure:823 -Application run failed
org.springframework.beans.factory.BeanCreationException: Error creating bean with name 'fileUpload' defined in class path resource [com/lmk/mqtt/config/FileConfig.class]: Bean instantiation via factory method failed; nested exception is org.springframework.beans.BeanInstantiationException: Failed to instantiate [void]: Factory method 'fileUpload' threw exception; nested exception is java.lang.RuntimeException: org.apache.http.conn.HttpHostConnectException: Connect to 127.0.0.1:8001 [/127.0.0.1] failed: Connection refused: connect
	at org.springframework.beans.factory.support.ConstructorResolver.instantiate(ConstructorResolver.java:627)
	at org.springframework.beans.factory.support.ConstructorResolver.instantiateUsingFactoryMethod(ConstructorResolver.java:456)
	at org.springframework.beans.factory.support.AbstractAutowireCapableBeanFactory.instantiateUsingFactoryMethod(AbstractAutowireCapableBeanFactory.java:1321)
	at org.springframework.beans.factory.support.AbstractAutowireCapableBeanFactory.createBeanInstance(AbstractAutowireCapableBeanFactory.java:1160)
	at org.springframework.beans.factory.support.AbstractAutowireCapableBeanFactory.doCreateBean(AbstractAutowireCapableBeanFactory.java:555)
	at org.springframework.beans.factory.support.AbstractAutowireCapableBeanFactory.createBean(AbstractAutowireCapableBeanFactory.java:515)
	at org.springframework.beans.factory.support.AbstractBeanFactory.lambda$doGetBean$0(AbstractBeanFactory.java:320)
	at org.springframework.beans.factory.support.DefaultSingletonBeanRegistry.getSingleton(DefaultSingletonBeanRegistry.java:222)
	at org.springframework.beans.factory.support.AbstractBeanFactory.doGetBean(AbstractBeanFactory.java:318)
	at org.springframework.beans.factory.support.AbstractBeanFactory.getBean(AbstractBeanFactory.java:199)
	at org.springframework.beans.factory.support.DefaultListableBeanFactory.preInstantiateSingletons(DefaultListableBeanFactory.java:845)
	at org.springframework.context.support.AbstractApplicationContext.finishBeanFactoryInitialization(AbstractApplicationContext.java:877)
	at org.springframework.context.support.AbstractApplicationContext.refresh(AbstractApplicationContext.java:549)
	at org.springframework.boot.web.servlet.context.ServletWebServerApplicationContext.refresh(ServletWebServerApplicationContext.java:141)
	at org.springframework.boot.SpringApplication.refresh(SpringApplication.java:744)
	at org.springframework.boot.SpringApplication.refreshContext(SpringApplication.java:391)
	at org.springframework.boot.SpringApplication.run(SpringApplication.java:312)
	at org.springframework.boot.SpringApplication.run(SpringApplication.java:1215)
	at org.springframework.boot.SpringApplication.run(SpringApplication.java:1204)
	at com.lmk.mqtt.RabbitMqClientApplication.main(RabbitMqClientApplication.java:8)
Caused by: org.springframework.beans.BeanInstantiationException: Failed to instantiate [void]: Factory method 'fileUpload' threw exception; nested exception is java.lang.RuntimeException: org.apache.http.conn.HttpHostConnectException: Connect to 127.0.0.1:8001 [/127.0.0.1] failed: Connection refused: connect
	at org.springframework.beans.factory.support.SimpleInstantiationStrategy.instantiate(SimpleInstantiationStrategy.java:185)
	at org.springframework.beans.factory.support.ConstructorResolver.instantiate(ConstructorResolver.java:622)
	... 19 common frames omitted
Caused by: java.lang.RuntimeException: org.apache.http.conn.HttpHostConnectException: Connect to 127.0.0.1:8001 [/127.0.0.1] failed: Connection refused: connect
	at com.lmk.mqtt.utils.HttpClientUtil.doPostFile(HttpClientUtil.java:54)
	at com.lmk.mqtt.config.FileConfig.fileUpload(FileConfig.java:18)
	at com.lmk.mqtt.config.FileConfig$$EnhancerBySpringCGLIB$$7abb1c4e.CGLIB$fileUpload$0(<generated>)
	at com.lmk.mqtt.config.FileConfig$$EnhancerBySpringCGLIB$$7abb1c4e$$FastClassBySpringCGLIB$$fa4e68d5.invoke(<generated>)
	at org.springframework.cglib.proxy.MethodProxy.invokeSuper(MethodProxy.java:244)
	at org.springframework.context.annotation.ConfigurationClassEnhancer$BeanMethodInterceptor.intercept(ConfigurationClassEnhancer.java:363)
	at com.lmk.mqtt.config.FileConfig$$EnhancerBySpringCGLIB$$7abb1c4e.fileUpload(<generated>)
	at sun.reflect.NativeMethodAccessorImpl.invoke0(Native Method)
	at sun.reflect.NativeMethodAccessorImpl.invoke(NativeMethodAccessorImpl.java:62)
	at sun.reflect.DelegatingMethodAccessorImpl.invoke(DelegatingMethodAccessorImpl.java:43)
	at java.lang.reflect.Method.invoke(Method.java:498)
	at org.springframework.beans.factory.support.SimpleInstantiationStrategy.instantiate(SimpleInstantiationStrategy.java:154)
	... 20 common frames omitted
Caused by: org.apache.http.conn.HttpHostConnectException: Connect to 127.0.0.1:8001 [/127.0.0.1] failed: Connection refused: connect
	at org.apache.http.impl.conn.DefaultHttpClientConnectionOperator.connect(DefaultHttpClientConnectionOperator.java:156)
	at org.apache.http.impl.conn.PoolingHttpClientConnectionManager.connect(PoolingHttpClientConnectionManager.java:374)
	at org.apache.http.impl.execchain.MainClientExec.establishRoute(MainClientExec.java:393)
	at org.apache.http.impl.execchain.MainClientExec.execute(MainClientExec.java:236)
	at org.apache.http.impl.execchain.ProtocolExec.execute(ProtocolExec.java:186)
	at org.apache.http.impl.execchain.RetryExec.execute(RetryExec.java:89)
	at org.apache.http.impl.execchain.RedirectExec.execute(RedirectExec.java:110)
	at org.apache.http.impl.client.InternalHttpClient.doExecute(InternalHttpClient.java:185)
	at org.apache.http.impl.client.CloseableHttpClient.execute(CloseableHttpClient.java:83)
	at org.apache.http.impl.client.CloseableHttpClient.execute(CloseableHttpClient.java:108)
	at com.lmk.mqtt.utils.HttpClientUtil.doPostFile(HttpClientUtil.java:45)
	... 31 common frames omitted
Caused by: java.net.ConnectException: Connection refused: connect
	at java.net.DualStackPlainSocketImpl.waitForConnect(Native Method)
	at java.net.DualStackPlainSocketImpl.socketConnect(DualStackPlainSocketImpl.java:85)
	at java.net.AbstractPlainSocketImpl.doConnect(AbstractPlainSocketImpl.java:350)
	at java.net.AbstractPlainSocketImpl.connectToAddress(AbstractPlainSocketImpl.java:206)
	at java.net.AbstractPlainSocketImpl.connect(AbstractPlainSocketImpl.java:188)
	at java.net.PlainSocketImpl.connect(PlainSocketImpl.java:172)
	at java.net.SocksSocketImpl.connect(SocksSocketImpl.java:392)
	at java.net.Socket.connect(Socket.java:589)
	at org.apache.http.conn.socket.PlainConnectionSocketFactory.connectSocket(PlainConnectionSocketFactory.java:75)
	at org.apache.http.impl.conn.DefaultHttpClientConnectionOperator.connect(DefaultHttpClientConnectionOperator.java:142)
	... 41 common frames omitted
2022-08-18 11:34:00.549 ERROR[main]com.lmk.mqtt.client.ClientMqtt.doConnect:165 -mqtt client connect failed,clientId:rabbitmq-client
2022-08-18 11:34:00.565 ERROR[main]com.lmk.mqtt.client.ClientMqtt.subscribe:265 -subscribe error,topic---camera,exception---客户机未连接 (32104)
2022-08-18 11:35:31.794 ERROR[main]com.lmk.mqtt.client.ClientMqtt.doConnect:165 -mqtt client connect failed,clientId:rabbitmq-client
2022-08-18 11:35:31.794 ERROR[main]com.lmk.mqtt.client.ClientMqtt.subscribe:265 -subscribe error,topic---camera,exception---客户机未连接 (32104)
2022-08-18 11:39:07.143 ERROR[main]com.lmk.mqtt.client.ClientMqtt.doConnect:165 -mqtt client connect failed,clientId:rabbitmq-client
2022-08-18 11:39:07.150 ERROR[main]com.lmk.mqtt.client.ClientMqtt.subscribe:265 -subscribe error,topic---camera,exception---客户机未连接 (32104)
2022-08-18 11:41:07.348 ERROR[main]com.lmk.mqtt.client.ClientMqtt.doConnect:165 -mqtt client connect failed,clientId:rabbitmq-client
2022-08-18 11:41:07.348 ERROR[main]com.lmk.mqtt.client.ClientMqtt.subscribe:265 -subscribe error,topic---camera,exception---客户机未连接 (32104)
2022-08-18 11:41:10.429 ERROR[http-nio-8001-exec-2]o.a.c.c.C.[Tomcat].[localhost].[/].[dispatcherServlet].log:175 -Servlet.service() for servlet [dispatcherServlet] in context with path [] threw exception [Request processing failed; nested exception is org.springframework.web.multipart.MaxUploadSizeExceededException: Maximum upload size exceeded; nested exception is java.lang.IllegalStateException: org.apache.tomcat.util.http.fileupload.FileUploadBase$FileSizeLimitExceededException: The field file exceeds its maximum permitted size of 1048576 bytes.] with root cause
org.apache.tomcat.util.http.fileupload.FileUploadBase$FileSizeLimitExceededException: The field file exceeds its maximum permitted size of 1048576 bytes.
	at org.apache.tomcat.util.http.fileupload.FileUploadBase$FileItemIteratorImpl$FileItemStreamImpl$1.raiseError(FileUploadBase.java:633)
	at org.apache.tomcat.util.http.fileupload.util.LimitedInputStream.checkLimit(LimitedInputStream.java:76)
	at org.apache.tomcat.util.http.fileupload.util.LimitedInputStream.read(LimitedInputStream.java:135)
	at java.io.FilterInputStream.read(FilterInputStream.java:107)
	at org.apache.tomcat.util.http.fileupload.util.Streams.copy(Streams.java:98)
	at org.apache.tomcat.util.http.fileupload.FileUploadBase.parseRequest(FileUploadBase.java:294)
	at org.apache.catalina.connector.Request.parseParts(Request.java:2868)
	at org.apache.catalina.connector.Request.parseParameters(Request.java:3196)
	at org.apache.catalina.connector.Request.getParameter(Request.java:1113)
	at org.apache.catalina.connector.RequestFacade.getParameter(RequestFacade.java:381)
	at org.springframework.web.filter.HiddenHttpMethodFilter.doFilterInternal(HiddenHttpMethodFilter.java:84)
	at org.springframework.web.filter.OncePerRequestFilter.doFilter(OncePerRequestFilter.java:118)
	at org.apache.catalina.core.ApplicationFilterChain.internalDoFilter(ApplicationFilterChain.java:193)
	at org.apache.catalina.core.ApplicationFilterChain.doFilter(ApplicationFilterChain.java:166)
	at org.springframework.web.filter.CharacterEncodingFilter.doFilterInternal(CharacterEncodingFilter.java:200)
	at org.springframework.web.filter.OncePerRequestFilter.doFilter(OncePerRequestFilter.java:118)
	at org.apache.catalina.core.ApplicationFilterChain.internalDoFilter(ApplicationFilterChain.java:193)
	at org.apache.catalina.core.ApplicationFilterChain.doFilter(ApplicationFilterChain.java:166)
	at org.apache.catalina.core.StandardWrapperValve.invoke(StandardWrapperValve.java:202)
	at org.apache.catalina.core.StandardContextValve.invoke(StandardContextValve.java:96)
	at org.apache.catalina.authenticator.AuthenticatorBase.invoke(AuthenticatorBase.java:526)
	at org.apache.catalina.core.StandardHostValve.invoke(StandardHostValve.java:139)
	at org.apache.catalina.valves.ErrorReportValve.invoke(ErrorReportValve.java:92)
	at org.apache.catalina.core.StandardEngineValve.invoke(StandardEngineValve.java:74)
	at org.apache.catalina.connector.CoyoteAdapter.service(CoyoteAdapter.java:343)
	at org.apache.coyote.http11.Http11Processor.service(Http11Processor.java:408)
	at org.apache.coyote.AbstractProcessorLight.process(AbstractProcessorLight.java:66)
	at org.apache.coyote.AbstractProtocol$ConnectionHandler.process(AbstractProtocol.java:860)
	at org.apache.tomcat.util.net.NioEndpoint$SocketProcessor.doRun(NioEndpoint.java:1587)
	at org.apache.tomcat.util.net.SocketProcessorBase.run(SocketProcessorBase.java:49)
	at java.util.concurrent.ThreadPoolExecutor.runWorker(ThreadPoolExecutor.java:1149)
	at java.util.concurrent.ThreadPoolExecutor$Worker.run(ThreadPoolExecutor.java:624)
	at org.apache.tomcat.util.threads.TaskThread$WrappingRunnable.run(TaskThread.java:61)
	at java.lang.Thread.run(Thread.java:748)
2022-08-18 11:42:57.592 ERROR[main]com.lmk.mqtt.client.ClientMqtt.doConnect:165 -mqtt client connect failed,clientId:rabbitmq-client
2022-08-18 11:42:57.593 ERROR[main]com.lmk.mqtt.client.ClientMqtt.subscribe:265 -subscribe error,topic---camera,exception---客户机未连接 (32104)
2022-08-18 12:26:59.026 ERROR[main]com.lmk.mqtt.client.ClientMqtt.doConnect:165 -mqtt client connect failed,clientId:rabbitmq-client
2022-08-18 12:26:59.029 ERROR[main]com.lmk.mqtt.client.ClientMqtt.subscribe:265 -subscribe error,topic---camera,exception---客户机未连接 (32104)
2022-08-18 12:28:53.388 ERROR[main]com.lmk.mqtt.client.ClientMqtt.doConnect:165 -mqtt client connect failed,clientId:rabbitmq-client
2022-08-18 12:28:53.393 ERROR[main]com.lmk.mqtt.client.ClientMqtt.subscribe:265 -subscribe error,topic---camera,exception---客户机未连接 (32104)
2022-08-18 12:29:35.134 ERROR[main]com.lmk.mqtt.client.ClientMqtt.doConnect:165 -mqtt client connect failed,clientId:rabbitmq-client
2022-08-18 12:29:35.136 ERROR[main]com.lmk.mqtt.client.ClientMqtt.subscribe:265 -subscribe error,topic---camera,exception---客户机未连接 (32104)
2022-08-18 12:45:54.160 ERROR[main]com.lmk.mqtt.client.ClientMqtt.doConnect:165 -mqtt client connect failed,clientId:rabbitmq-client
2022-08-18 12:45:54.160 ERROR[main]com.lmk.mqtt.client.ClientMqtt.subscribe:265 -subscribe error,topic---camera,exception---客户机未连接 (32104)
2022-08-18 12:47:33.853 ERROR[main]com.lmk.mqtt.client.ClientMqtt.doConnect:165 -mqtt client connect failed,clientId:rabbitmq-client
2022-08-18 12:47:33.853 ERROR[main]com.lmk.mqtt.client.ClientMqtt.subscribe:265 -subscribe error,topic---camera,exception---客户机未连接 (32104)
2022-08-18 12:57:02.356 ERROR[main]com.lmk.mqtt.client.ClientMqtt.doConnect:165 -mqtt client connect failed,clientId:rabbitmq-client
2022-08-18 12:57:02.356 ERROR[main]com.lmk.mqtt.client.ClientMqtt.subscribe:265 -subscribe error,topic---camera,exception---客户机未连接 (32104)
2022-08-18 12:59:22.893 ERROR[main]com.lmk.mqtt.client.ClientMqtt.doConnect:165 -mqtt client connect failed,clientId:rabbitmq-client
2022-08-18 12:59:22.893 ERROR[main]com.lmk.mqtt.client.ClientMqtt.subscribe:265 -subscribe error,topic---camera,exception---客户机未连接 (32104)
2022-08-18 12:59:45.284 ERROR[main]com.lmk.mqtt.client.ClientMqtt.doConnect:165 -mqtt client connect failed,clientId:rabbitmq-client
2022-08-18 12:59:45.299 ERROR[main]com.lmk.mqtt.client.ClientMqtt.subscribe:265 -subscribe error,topic---camera,exception---客户机未连接 (32104)
2022-08-18 13:01:05.086 ERROR[main]com.lmk.mqtt.client.ClientMqtt.doConnect:165 -mqtt client connect failed,clientId:rabbitmq-client
2022-08-18 13:01:05.086 ERROR[main]com.lmk.mqtt.client.ClientMqtt.subscribe:265 -subscribe error,topic---camera,exception---客户机未连接 (32104)
2022-08-18 13:02:24.619 ERROR[main]com.lmk.mqtt.client.ClientMqtt.doConnect:165 -mqtt client connect failed,clientId:rabbitmq-client
2022-08-18 13:02:24.634 ERROR[main]com.lmk.mqtt.client.ClientMqtt.subscribe:265 -subscribe error,topic---camera,exception---客户机未连接 (32104)
2022-08-18 13:05:10.235 ERROR[picture-detect-thread]com.lmk.mqtt.client.FileSender.lambda$pictureDetect$0:52 -post file error:org.apache.http.conn.HttpHostConnectException: Connect to 127.0.0.1:8001 [/127.0.0.1] failed: Connection refused: connect
2022-08-18 13:05:12.264 ERROR[picture-detect-thread]com.lmk.mqtt.client.FileSender.lambda$pictureDetect$0:52 -post file error:org.apache.http.conn.HttpHostConnectException: Connect to 127.0.0.1:8001 [/127.0.0.1] failed: Connection refused: connect
2022-08-18 13:05:12.436 ERROR[main]com.lmk.mqtt.client.ClientMqtt.doConnect:165 -mqtt client connect failed,clientId:rabbitmq-client
2022-08-18 13:05:12.436 ERROR[main]com.lmk.mqtt.client.ClientMqtt.subscribe:265 -subscribe error,topic---camera,exception---客户机未连接 (32104)
2022-08-18 14:06:06.976 ERROR[main]com.lmk.mqtt.client.ClientMqtt.doConnect:165 -mqtt client connect failed,clientId:rabbitmq-client
2022-08-18 14:06:06.976 ERROR[main]com.lmk.mqtt.client.ClientMqtt.subscribe:265 -subscribe error,topic---camera,exception---客户机未连接 (32104)
2022-08-18 14:08:08.717 ERROR[video-detect-thread]com.lmk.mqtt.client.FileSender.lambda$videoDetect$1:92 -post videos error:org.apache.http.conn.HttpHostConnectException: Connect to 127.0.0.1:8001 [/127.0.0.1] failed: Connection refused: connect
2022-08-18 14:08:10.756 ERROR[video-detect-thread]com.lmk.mqtt.client.FileSender.lambda$videoDetect$1:92 -post videos error:org.apache.http.conn.HttpHostConnectException: Connect to 127.0.0.1:8001 [/127.0.0.1] failed: Connection refused: connect
2022-08-18 14:08:10.937 ERROR[main]com.lmk.mqtt.client.ClientMqtt.doConnect:165 -mqtt client connect failed,clientId:rabbitmq-client
2022-08-18 14:08:10.937 ERROR[main]com.lmk.mqtt.client.ClientMqtt.subscribe:265 -subscribe error,topic---camera,exception---客户机未连接 (32104)
2022-08-18 14:13:52.337 ERROR[video-detect-thread]com.lmk.mqtt.client.FileSender.lambda$videoDetect$1:94 -post videos error:org.apache.http.conn.HttpHostConnectException: Connect to 127.0.0.1:8001 [/127.0.0.1] failed: Connection refused: connect
2022-08-18 14:13:54.386 ERROR[video-detect-thread]com.lmk.mqtt.client.FileSender.lambda$videoDetect$1:94 -post videos error:org.apache.http.conn.HttpHostConnectException: Connect to 127.0.0.1:8001 [/127.0.0.1] failed: Connection refused: connect
2022-08-18 14:13:54.505 ERROR[main]com.lmk.mqtt.client.ClientMqtt.doConnect:165 -mqtt client connect failed,clientId:rabbitmq-client
2022-08-18 14:13:54.505 ERROR[main]com.lmk.mqtt.client.ClientMqtt.subscribe:265 -subscribe error,topic---camera,exception---客户机未连接 (32104)
2022-08-18 14:26:49.471 ERROR[AMQP Connection 111.33.127.10:5672]o.s.amqp.rabbit.connection.CachingConnectionFactory.log:1517 -Channel shutdown: connection error
2022-08-18 15:46:10.282 ERROR[main]com.lmk.mqtt.client.ClientMqtt.doConnect:165 -mqtt client connect failed,clientId:rabbitmq-client
2022-08-18 15:46:10.282 ERROR[main]com.lmk.mqtt.client.ClientMqtt.subscribe:265 -subscribe error,topic---camera,exception---客户机未连接 (32104)
2022-08-18 15:49:17.616 ERROR[MQTT Call: rabbitmq-client]com.lmk.mqtt.client.MqClientMessageCallBack.messageArrived:57 -message convert to json error,message---hello,exception---com.alibaba.fastjson.JSONException: illegal input， offset 1, char h
2022-08-18 15:51:08.057 ERROR[MQTT Call: rabbitmq-client]com.lmk.mqtt.client.MqClientMessageCallBack.messageArrived:57 -message convert to json error,message---hello,exception---com.alibaba.fastjson.JSONException: illegal input， offset 1, char h
